<?xml version="1.0" encoding="UTF-8"?>
<!-- Generated by org.testng.reporters.JUnitReportReporter -->
<testsuite hostname="YY069655" name="com.chethan.demo.auto.TestDemo" tests="1" failures="0" timestamp="13 Jun 2017 11:15:36 GMT" time="0.051" errors="0">
  <testcase name="SimpleTest" time="0.051" classname="com.chethan.demo.auto.TestDemo"/>
</testsuite> <!-- com.chethan.demo.auto.TestDemo -->
